

2023-01-29 21:31:58 
2023-01-29 21:31:58 
2023-01-29 21:31:58 
2023-01-29 21:31:58 
2023-01-29 21:31:58 
2023-01-29 21:31:58 
2023-01-29 21:32:47 
2023-01-29 21:32:47 
2023-01-29 21:32:47 
2023-01-29 21:32:47 
2023-01-29 21:32:47 
2023-01-29 21:32:47 
Open the file
Problem reading from file
A list with the data of the file added to the list is returned
General validation
Validate with Pattern
The IP address is not valid
Open the file
Problem reading from file
A list with the data of the file added to the list is returned
General validation
Validate with Pattern
Checking whether the IP address is in the blocked file
IP address not found in blocked
Open the file
Problem reading from file
A list with the data of the file added to the list is returned
General validation
Validate with Pattern
The IP address is not valid
Open the file
Problem reading from file
A list with the data of the file added to the list is returned
General validation
Validate with Pattern
Checking whether the IP address is in the blocked file
IP address not found in blocked
Open the file
Problem reading from file
A list with the data of the file added to the list is returned
General validation
Validate with Pattern
Checking whether the IP address is in the blocked file
IP address not found in blocked
Open the file
Problem reading from file
A list with the data of the file added to the list is returned
General validation
Validate with Pattern
Checking whether the IP address is in the blocked file
IP address not found in blocked
Open the file
Problem reading from file
A list with the data of the file added to the list is returned
General validation
Validate with Pattern
The IP address is not valid
Open the file
Problem reading from file
A list with the data of the file added to the list is returned
Open the file
Problem reading from file
A list with the data of the file added to the list is returned
Open the file
Each line of the file is added to the list
A list with the data of the file added to the list is returned
Open the file
Each line of the file is added to the list
A list with the data of the file added to the list is returned
General validation
Validate with Pattern
Checking whether the IP address is in the blocked file
IP address found in blocked
Open the file
Each line of the file is added to the list
A list with the data of the file added to the list is returned
Checking whether the IP address is in the blocked file
Open the file
Each line of the file is added to the list
A list with the data of the file added to the list is returned
Checking whether the IP address is in the blocked file
Validate with Pattern
Open the file
Each line of the file is added to the list
A list with the data of the file added to the list is returned
General validation
Validate with Pattern
Checking whether the IP address is in the blocked file
IP address found in blocked
Open the file
Each line of the file is added to the list
A list with the data of the file added to the list is returned
Checking whether the IP address is in the blocked file
testing the method with providing the validation result to the user
Open the file
Each line of the file is added to the list
A list with the data of the file added to the list is returned
General validation
Validate with Pattern
Checking whether the IP address is in the blocked file
IP address found in blocked
Testing the method with providing the validation result to the user
Open the file
Each line of the file is added to the list
A list with the data of the file added to the list is returned
General validation
Validate with Pattern
Checking whether the IP address is in the blocked file
IP address found in blocked
Testing whether the IP address is in the block list
Open the file
Each line of the file is added to the list
A list with the data of the file added to the list is returned
Checking whether the IP address is in the blocked file
Testing validate IP address wit hPattern
Validate with Pattern
Testing the method with providing the validation result to the user
Open the file
Each line of the file is added to the list
A list with the data of the file added to the list is returned
General validation
Validate with Pattern
Checking whether the IP address is in the blocked file
IP address found in blocked
Testing whether the IP address is in the block list
Open the file
Each line of the file is added to the list
A list with the data of the file added to the list is returned
Checking whether the IP address is in the blocked file
Testing validate IP address wit hPattern
Validate with Pattern
Testing the method with providing the validation result to the user
Open the file
Each line of the file is added to the list
A list with the data of the file added to the list is returned
General validation
Validate with Pattern
Checking whether the IP address is in the blocked file
IP address found in blocked
Testing whether the IP address is in the block list
Open the file
Each line of the file is added to the list
A list with the data of the file added to the list is returned
Checking whether the IP address is in the blocked file
Testing validate IP address wit hPattern
Validate with Pattern
